nohup: ignoring input
Some weights of the model checkpoint at bert-base-chinese were not used when initializing BertModel: ['cls.predictions.transform.LayerNorm.weight', 'cls.seq_relationship.weight', 'cls.predictions.transform.LayerNorm.bias', 'cls.predictions.transform.dense.weight', 'cls.predictions.bias', 'cls.predictions.decoder.weight', 'cls.predictions.transform.dense.bias', 'cls.seq_relationship.bias']
- This IS expected if you are initializing BertModel from the checkpoint of a model trained on another task or with another architecture (e.g. initializing a BertForSequenceClassification model from a BertForPreTraining model).
- This IS NOT expected if you are initializing BertModel from the checkpoint of a model that you expect to be exactly identical (initializing a BertForSequenceClassification model from a BertForSequenceClassification model).
BERT-mean	0.16939032689281677
Some weights of the model checkpoint at bert-base-chinese were not used when initializing BertModel: ['cls.predictions.transform.dense.weight', 'cls.seq_relationship.bias', 'cls.predictions.decoder.weight', 'cls.seq_relationship.weight', 'cls.predictions.transform.LayerNorm.weight', 'cls.predictions.transform.LayerNorm.bias', 'cls.predictions.bias', 'cls.predictions.transform.dense.bias']
- This IS expected if you are initializing BertModel from the checkpoint of a model trained on another task or with another architecture (e.g. initializing a BertForSequenceClassification model from a BertForPreTraining model).
- This IS NOT expected if you are initializing BertModel from the checkpoint of a model that you expect to be exactly identical (initializing a BertForSequenceClassification model from a BertForSequenceClassification model).
BERT-white	0.21917096824414625
SimBERT-mean	0.279953884871622
(CTB):
File: afqmc.fasttext.t1.txt
Encoding: UTF-8
-------------------------------
Invoked on Mon Mar 14 18:06:13 CST 2022 with arguments: -sighanCorporaDict /data/xwb/tools/stanford-segmenter-2020-11-17/data -textFile afqmc.fasttext.t1.txt -inputEncoding UTF-8 -sighanPostProcessing true -keepAllWhitespaces false -loadClassifier /data/xwb/tools/stanford-segmenter-2020-11-17/data/ctb.gz -serDictionary /data/xwb/tools/stanford-segmenter-2020-11-17/data/dict-chris6.ser.gz
serDictionary=/data/xwb/tools/stanford-segmenter-2020-11-17/data/dict-chris6.ser.gz
loadClassifier=/data/xwb/tools/stanford-segmenter-2020-11-17/data/ctb.gz
sighanCorporaDict=/data/xwb/tools/stanford-segmenter-2020-11-17/data
inputEncoding=UTF-8
textFile=afqmc.fasttext.t1.txt
sighanPostProcessing=true
keepAllWhitespaces=false
Loading classifier from /data/xwb/tools/stanford-segmenter-2020-11-17/data/ctb.gz ... done [14.4 sec].
Loading Chinese dictionaries from 1 file:
  /data/xwb/tools/stanford-segmenter-2020-11-17/data/dict-chris6.ser.gz
Done. Unique words in ChineseDictionary is: 423200.
Loading character dictionary file from /data/xwb/tools/stanford-segmenter-2020-11-17/data/dict/character_list [done].
Loading affix dictionary from /data/xwb/tools/stanford-segmenter-2020-11-17/data/dict/in.ctb [done].
CRFClassifier tagged 57547 words in 4316 documents at 11780.35 words per second.
(CTB):
File: afqmc.fasttext.t2.txt
Encoding: UTF-8
-------------------------------
Invoked on Mon Mar 14 18:06:33 CST 2022 with arguments: -sighanCorporaDict /data/xwb/tools/stanford-segmenter-2020-11-17/data -textFile afqmc.fasttext.t2.txt -inputEncoding UTF-8 -sighanPostProcessing true -keepAllWhitespaces false -loadClassifier /data/xwb/tools/stanford-segmenter-2020-11-17/data/ctb.gz -serDictionary /data/xwb/tools/stanford-segmenter-2020-11-17/data/dict-chris6.ser.gz
serDictionary=/data/xwb/tools/stanford-segmenter-2020-11-17/data/dict-chris6.ser.gz
loadClassifier=/data/xwb/tools/stanford-segmenter-2020-11-17/data/ctb.gz
sighanCorporaDict=/data/xwb/tools/stanford-segmenter-2020-11-17/data
inputEncoding=UTF-8
textFile=afqmc.fasttext.t2.txt
sighanPostProcessing=true
keepAllWhitespaces=false
Loading classifier from /data/xwb/tools/stanford-segmenter-2020-11-17/data/ctb.gz ... done [15.1 sec].
Loading Chinese dictionaries from 1 file:
  /data/xwb/tools/stanford-segmenter-2020-11-17/data/dict-chris6.ser.gz
Done. Unique words in ChineseDictionary is: 423200.
Loading character dictionary file from /data/xwb/tools/stanford-segmenter-2020-11-17/data/dict/character_list [done].
Loading affix dictionary from /data/xwb/tools/stanford-segmenter-2020-11-17/data/dict/in.ctb [done].
CRFClassifier tagged 57072 words in 4316 documents at 11377.99 words per second.
fastText_Chinese-STS-B Dev spearman: 
SpearmanrResult(correlation=0.0654615876147541, pvalue=1.6777712051111825e-05)
Building prefix dict from the default dictionary ...
Loading model from cache /tmp/jieba.cache
Loading model cost 1.385 seconds.
Prefix dict has been built successfully.
Tencent_Chinese-STS-B Dev spearman: 
SpearmanrResult(correlation=0.13734890927742677, pvalue=1.2611988381780359e-19)
