nohup: ignoring input
Some weights of the model checkpoint at bert-base-chinese were not used when initializing BertModel: ['cls.seq_relationship.weight', 'cls.predictions.transform.dense.weight', 'cls.predictions.transform.dense.bias', 'cls.predictions.transform.LayerNorm.weight', 'cls.predictions.bias', 'cls.seq_relationship.bias', 'cls.predictions.transform.LayerNorm.bias', 'cls.predictions.decoder.weight']
- This IS expected if you are initializing BertModel from the checkpoint of a model trained on another task or with another architecture (e.g. initializing a BertForSequenceClassification model from a BertForPreTraining model).
- This IS NOT expected if you are initializing BertModel from the checkpoint of a model that you expect to be exactly identical (initializing a BertForSequenceClassification model from a BertForSequenceClassification model).
BERT-mean	0.3405539955223016
Some weights of the model checkpoint at bert-base-chinese were not used when initializing BertModel: ['cls.predictions.transform.dense.weight', 'cls.predictions.transform.LayerNorm.weight', 'cls.seq_relationship.bias', 'cls.predictions.bias', 'cls.predictions.transform.LayerNorm.bias', 'cls.predictions.decoder.weight', 'cls.seq_relationship.weight', 'cls.predictions.transform.dense.bias']
- This IS expected if you are initializing BertModel from the checkpoint of a model trained on another task or with another architecture (e.g. initializing a BertForSequenceClassification model from a BertForPreTraining model).
- This IS NOT expected if you are initializing BertModel from the checkpoint of a model that you expect to be exactly identical (initializing a BertForSequenceClassification model from a BertForSequenceClassification model).
BERT-white	0.37859430012860423
SimBERT-mean	0.47154737062948027
(CTB):
File: bqcorpus.fasttext.t1.txt
Encoding: UTF-8
-------------------------------
Invoked on Mon Mar 14 18:07:27 CST 2022 with arguments: -sighanCorporaDict /data/xwb/tools/stanford-segmenter-2020-11-17/data -textFile bqcorpus.fasttext.t1.txt -inputEncoding UTF-8 -sighanPostProcessing true -keepAllWhitespaces false -loadClassifier /data/xwb/tools/stanford-segmenter-2020-11-17/data/ctb.gz -serDictionary /data/xwb/tools/stanford-segmenter-2020-11-17/data/dict-chris6.ser.gz
serDictionary=/data/xwb/tools/stanford-segmenter-2020-11-17/data/dict-chris6.ser.gz
loadClassifier=/data/xwb/tools/stanford-segmenter-2020-11-17/data/ctb.gz
sighanCorporaDict=/data/xwb/tools/stanford-segmenter-2020-11-17/data
inputEncoding=UTF-8
textFile=bqcorpus.fasttext.t1.txt
sighanPostProcessing=true
keepAllWhitespaces=false
Loading classifier from /data/xwb/tools/stanford-segmenter-2020-11-17/data/ctb.gz ... done [22.8 sec].
Loading Chinese dictionaries from 1 file:
  /data/xwb/tools/stanford-segmenter-2020-11-17/data/dict-chris6.ser.gz
Done. Unique words in ChineseDictionary is: 423200.
Loading character dictionary file from /data/xwb/tools/stanford-segmenter-2020-11-17/data/dict/character_list [done].
Loading affix dictionary from /data/xwb/tools/stanford-segmenter-2020-11-17/data/dict/in.ctb [done].
CRFClassifier tagged 116707 words in 10000 documents at 10715.91 words per second.
(CTB):
File: bqcorpus.fasttext.t2.txt
Encoding: UTF-8
-------------------------------
Invoked on Mon Mar 14 18:08:02 CST 2022 with arguments: -sighanCorporaDict /data/xwb/tools/stanford-segmenter-2020-11-17/data -textFile bqcorpus.fasttext.t2.txt -inputEncoding UTF-8 -sighanPostProcessing true -keepAllWhitespaces false -loadClassifier /data/xwb/tools/stanford-segmenter-2020-11-17/data/ctb.gz -serDictionary /data/xwb/tools/stanford-segmenter-2020-11-17/data/dict-chris6.ser.gz
serDictionary=/data/xwb/tools/stanford-segmenter-2020-11-17/data/dict-chris6.ser.gz
loadClassifier=/data/xwb/tools/stanford-segmenter-2020-11-17/data/ctb.gz
sighanCorporaDict=/data/xwb/tools/stanford-segmenter-2020-11-17/data
inputEncoding=UTF-8
textFile=bqcorpus.fasttext.t2.txt
sighanPostProcessing=true
keepAllWhitespaces=false
Loading classifier from /data/xwb/tools/stanford-segmenter-2020-11-17/data/ctb.gz ... done [18.3 sec].
Loading Chinese dictionaries from 1 file:
  /data/xwb/tools/stanford-segmenter-2020-11-17/data/dict-chris6.ser.gz
Done. Unique words in ChineseDictionary is: 423200.
Loading character dictionary file from /data/xwb/tools/stanford-segmenter-2020-11-17/data/dict/character_list [done].
Loading affix dictionary from /data/xwb/tools/stanford-segmenter-2020-11-17/data/dict/in.ctb [done].
CRFClassifier tagged 118958 words in 10000 documents at 9611.21 words per second.
fastText_Chinese-STS-B Dev spearman: 
SpearmanrResult(correlation=0.2375088538210603, pvalue=2.926752600678318e-128)
Building prefix dict from the default dictionary ...
Loading model from cache /tmp/jieba.cache
Loading model cost 1.052 seconds.
Prefix dict has been built successfully.
Tencent_Chinese-STS-B Dev spearman: 
SpearmanrResult(correlation=0.4108251331112475, pvalue=0.0)
