nohup: ignoring input
Some weights of the model checkpoint at bert-base-chinese were not used when initializing BertModel: ['cls.predictions.transform.dense.weight', 'cls.predictions.transform.dense.bias', 'cls.predictions.decoder.weight', 'cls.predictions.transform.LayerNorm.weight', 'cls.seq_relationship.bias', 'cls.predictions.bias', 'cls.seq_relationship.weight', 'cls.predictions.transform.LayerNorm.bias']
- This IS expected if you are initializing BertModel from the checkpoint of a model trained on another task or with another architecture (e.g. initializing a BertForSequenceClassification model from a BertForPreTraining model).
- This IS NOT expected if you are initializing BertModel from the checkpoint of a model that you expect to be exactly identical (initializing a BertForSequenceClassification model from a BertForSequenceClassification model).
BERT-mean	0.521824695095106
Some weights of the model checkpoint at bert-base-chinese were not used when initializing BertModel: ['cls.predictions.bias', 'cls.predictions.transform.LayerNorm.bias', 'cls.predictions.transform.dense.weight', 'cls.predictions.decoder.weight', 'cls.seq_relationship.bias', 'cls.predictions.transform.LayerNorm.weight', 'cls.seq_relationship.weight', 'cls.predictions.transform.dense.bias']
- This IS expected if you are initializing BertModel from the checkpoint of a model trained on another task or with another architecture (e.g. initializing a BertForSequenceClassification model from a BertForPreTraining model).
- This IS NOT expected if you are initializing BertModel from the checkpoint of a model that you expect to be exactly identical (initializing a BertForSequenceClassification model from a BertForSequenceClassification model).
BERT-white	0.4726596190281748
SimBERT-mean	0.6718813621039149
(CTB):
File: lcqmc.fasttext.t1.txt
Encoding: UTF-8
-------------------------------
Invoked on Mon Mar 14 18:06:56 CST 2022 with arguments: -sighanCorporaDict /data/xwb/tools/stanford-segmenter-2020-11-17/data -textFile lcqmc.fasttext.t1.txt -inputEncoding UTF-8 -sighanPostProcessing true -keepAllWhitespaces false -loadClassifier /data/xwb/tools/stanford-segmenter-2020-11-17/data/ctb.gz -serDictionary /data/xwb/tools/stanford-segmenter-2020-11-17/data/dict-chris6.ser.gz
serDictionary=/data/xwb/tools/stanford-segmenter-2020-11-17/data/dict-chris6.ser.gz
loadClassifier=/data/xwb/tools/stanford-segmenter-2020-11-17/data/ctb.gz
sighanCorporaDict=/data/xwb/tools/stanford-segmenter-2020-11-17/data
inputEncoding=UTF-8
textFile=lcqmc.fasttext.t1.txt
sighanPostProcessing=true
keepAllWhitespaces=false
Loading classifier from /data/xwb/tools/stanford-segmenter-2020-11-17/data/ctb.gz ... done [20.4 sec].
Loading Chinese dictionaries from 1 file:
  /data/xwb/tools/stanford-segmenter-2020-11-17/data/dict-chris6.ser.gz
Done. Unique words in ChineseDictionary is: 423200.
Loading character dictionary file from /data/xwb/tools/stanford-segmenter-2020-11-17/data/dict/character_list [done].
Loading affix dictionary from /data/xwb/tools/stanford-segmenter-2020-11-17/data/dict/in.ctb [done].
CRFClassifier tagged 109245 words in 8802 documents at 10580.63 words per second.
(CTB):
File: lcqmc.fasttext.t2.txt
Encoding: UTF-8
-------------------------------
Invoked on Mon Mar 14 18:07:27 CST 2022 with arguments: -sighanCorporaDict /data/xwb/tools/stanford-segmenter-2020-11-17/data -textFile lcqmc.fasttext.t2.txt -inputEncoding UTF-8 -sighanPostProcessing true -keepAllWhitespaces false -loadClassifier /data/xwb/tools/stanford-segmenter-2020-11-17/data/ctb.gz -serDictionary /data/xwb/tools/stanford-segmenter-2020-11-17/data/dict-chris6.ser.gz
serDictionary=/data/xwb/tools/stanford-segmenter-2020-11-17/data/dict-chris6.ser.gz
loadClassifier=/data/xwb/tools/stanford-segmenter-2020-11-17/data/ctb.gz
sighanCorporaDict=/data/xwb/tools/stanford-segmenter-2020-11-17/data
inputEncoding=UTF-8
textFile=lcqmc.fasttext.t2.txt
sighanPostProcessing=true
keepAllWhitespaces=false
Loading classifier from /data/xwb/tools/stanford-segmenter-2020-11-17/data/ctb.gz ... done [19.0 sec].
Loading Chinese dictionaries from 1 file:
  /data/xwb/tools/stanford-segmenter-2020-11-17/data/dict-chris6.ser.gz
Done. Unique words in ChineseDictionary is: 423200.
Loading character dictionary file from /data/xwb/tools/stanford-segmenter-2020-11-17/data/dict/character_list [done].
Loading affix dictionary from /data/xwb/tools/stanford-segmenter-2020-11-17/data/dict/in.ctb [done].
CRFClassifier tagged 110687 words in 8802 documents at 10149.18 words per second.
fastText_Chinese-STS-B Dev spearman: 
SpearmanrResult(correlation=0.5008087801649355, pvalue=0.0)
Building prefix dict from the default dictionary ...
Loading model from cache /tmp/jieba.cache
Loading model cost 1.076 seconds.
Prefix dict has been built successfully.
Tencent_Chinese-STS-B Dev spearman: 
SpearmanrResult(correlation=0.4491251316586899, pvalue=0.0)
